<?xml version="1.0" encoding="UTF-8"?>
<!-- Generated by org.testng.reporters.JUnitXMLReporter -->
<testsuite ignored="0" hostname="DESKTOP-872677A" failures="0" tests="6" name="Test" time="0.088" errors="0" timestamp="2024-05-27T12:53:06 IST">
  <testcase classname="Tutorail2.Pune8" name="p1" time="0.004"/>
  <testcase classname="Tutorail2.Pune8" name="p2" time="0.001"/>
  <testcase classname="Tutorail2.Sample8" name="s1" time="0.001"/>
  <testcase classname="Tutorail2.Sample8" name="s2" time="0.0"/>
  <testcase classname="Tutorail2.Mumbai8" name="m1" time="0.001"/>
  <testcase classname="Tutorail2.Mumbai8" name="m2" time="0.001"/>
</testsuite> <!-- Test -->
