<?xml version="1.0" encoding="UTF-8"?>
<!-- Generated by org.testng.reporters.JUnitXMLReporter -->
<testsuite ignored="0" hostname="DESKTOP-872677A" failures="0" tests="3" name="Test" time="33.679" errors="0" timestamp="2024-06-13T15:10:01 IST">
  <testcase classname="TestNGParallel.Demo2" name="facebookTestCase1" time="11.757"/>
  <testcase classname="TestNGParallel.Demo21" name="facebookTestCase1" time="10.923"/>
  <testcase classname="TestNGParallel.Sample2" name="facebookTestCase1" time="10.962"/>
</testsuite> <!-- Test -->
