<?xml version="1.0" encoding="UTF-8"?>
<testng-results ignored="0" total="3" passed="3" failed="0" skipped="0">
  <reporter-output>
  </reporter-output>
  <suite started-at="2024-06-13T15:09:27 IST" name="Suite" finished-at="2024-06-13T15:10:01 IST" duration-ms="33679">
    <groups>
    </groups>
    <test started-at="2024-06-13T15:09:27 IST" name="Test" finished-at="2024-06-13T15:10:01 IST" duration-ms="33679">
      <class name="TestNGParallel.Sample2">
        <test-method signature="facebookTestCase1()[pri:0, instance:TestNGParallel.Sample2@78e4deb0]" started-at="2024-06-13T15:09:50 IST" name="facebookTestCase1" finished-at="2024-06-13T15:10:01 IST" duration-ms="10962" status="PASS">
          <reporter-output>
          </reporter-output>
        </test-method> <!-- facebookTestCase1 -->
      </class> <!-- TestNGParallel.Sample2 -->
      <class name="TestNGParallel.Demo2">
        <test-method signature="facebookTestCase1()[pri:0, instance:TestNGParallel.Demo2@1a942c18]" started-at="2024-06-13T15:09:27 IST" name="facebookTestCase1" finished-at="2024-06-13T15:09:39 IST" duration-ms="11757" status="PASS">
          <reporter-output>
          </reporter-output>
        </test-method> <!-- facebookTestCase1 -->
      </class> <!-- TestNGParallel.Demo2 -->
      <class name="TestNGParallel.Demo21">
        <test-method signature="facebookTestCase1()[pri:0, instance:TestNGParallel.Demo21@5b1669c0]" started-at="2024-06-13T15:09:39 IST" name="facebookTestCase1" finished-at="2024-06-13T15:09:50 IST" duration-ms="10923" status="PASS">
          <reporter-output>
          </reporter-output>
        </test-method> <!-- facebookTestCase1 -->
      </class> <!-- TestNGParallel.Demo21 -->
    </test> <!-- Test -->
  </suite> <!-- Suite -->
</testng-results>
